This is pdfTeX, Version 3.14159265-2.6-1.40.19 (TeX Live 2018) (preloaded format=pdflatex 2018.5.28)  11 OCT 2021 16:55
entering extended mode
 restricted \write18 enabled.
 file:line:error style messages enabled.
 %&-line parsing enabled.
**/Users/pauleaster/Repository/PhDThesis/Thesis.tex
(/Users/pauleaster/Repository/PhDThesis/Thesis.tex
LaTeX2e <2018-04-01> patch level 4
(/usr/local/texlive/2018/texmf-dist/tex/latex/base/book.cls
Document Class: book 2014/09/29 v1.4h Standard LaTeX document class
(/usr/local/texlive/2018/texmf-dist/tex/latex/base/bk12.clo
File: bk12.clo 2014/09/29 v1.4h Standard LaTeX file (size option)
)
\c@part=\count80
\c@chapter=\count81
\c@section=\count82
\c@subsection=\count83
\c@subsubsection=\count84
\c@paragraph=\count85
\c@subparagraph=\count86
\c@figure=\count87
\c@table=\count88
\abovecaptionskip=\skip41
\belowcaptionskip=\skip42
\bibindent=\dimen102
) (/usr/local/texlive/2018/texmf-dist/tex/latex/caption/caption.sty
Package: caption 2017/03/19 v3.3-145 Customizing captions (AR)
 (/usr/local/texlive/2018/texmf-dist/tex/latex/caption/caption3.sty
Package: caption3 2018/04/15 v1.7-167 caption3 kernel (AR)
Package caption3 Info: TeX engine: e-TeX on input line 64.
 (/usr/local/texlive/2018/texmf-dist/tex/latex/graphics/keyval.sty
Package: keyval 2014/10/28 v1.15 key=value parser (DPC)
\KV@toks@=\toks14
)
\captionmargin=\dimen103
\captionmargin@=\dimen104
\captionwidth=\dimen105
\caption@tempdima=\dimen106
\caption@indent=\dimen107
\caption@parindent=\dimen108
\caption@hangindent=\dimen109
)
\c@ContinuedFloat=\count89
) (/usr/local/texlive/2018/texmf-dist/tex/latex/subfiles/subfiles.sty
Package: subfiles 2012/05/23 Federico Garcia
 (/usr/local/texlive/2018/texmf-dist/tex/latex/tools/verbatim.sty
Package: verbatim 2014/10/28 v1.5q LaTeX2e package for verbatim enhancements
\every@verbatim=\toks15
\verbatim@line=\toks16
\verbatim@in@stream=\read1
)) (/usr/local/texlive/2018/texmf-dist/tex/latex/amsmath/amsmath.sty
Package: amsmath 2017/09/02 v2.17a AMS math features
\@mathmargin=\skip43

For additional information on amsmath, use the `?' option.
(/usr/local/texlive/2018/texmf-dist/tex/latex/amsmath/amstext.sty
Package: amstext 2000/06/29 v2.01 AMS text
 (/usr/local/texlive/2018/texmf-dist/tex/latex/amsmath/amsgen.sty
File: amsgen.sty 1999/11/30 v2.0 generic functions
\@emptytoks=\toks17
\ex@=\dimen110
)) (/usr/local/texlive/2018/texmf-dist/tex/latex/amsmath/amsbsy.sty
Package: amsbsy 1999/11/29 v1.2d Bold Symbols
\pmbraise@=\dimen111
) (/usr/local/texlive/2018/texmf-dist/tex/latex/amsmath/amsopn.sty
Package: amsopn 2016/03/08 v2.02 operator names
)
\inf@bad=\count90
LaTeX Info: Redefining \frac on input line 213.
\uproot@=\count91
\leftroot@=\count92
LaTeX Info: Redefining \overline on input line 375.
\classnum@=\count93
\DOTSCASE@=\count94
LaTeX Info: Redefining \ldots on input line 472.
LaTeX Info: Redefining \dots on input line 475.
LaTeX Info: Redefining \cdots on input line 596.
\Mathstrutbox@=\box26
\strutbox@=\box27
\big@size=\dimen112
LaTeX Font Info:    Redeclaring font encoding OML on input line 712.
LaTeX Font Info:    Redeclaring font encoding OMS on input line 713.
\macc@depth=\count95
\c@MaxMatrixCols=\count96
\dotsspace@=\muskip10
\c@parentequation=\count97
\dspbrk@lvl=\count98
\tag@help=\toks18
\row@=\count99
\column@=\count100
\maxfields@=\count101
\andhelp@=\toks19
\eqnshift@=\dimen113
\alignsep@=\dimen114
\tagshift@=\dimen115
\tagwidth@=\dimen116
\totwidth@=\dimen117
\lineht@=\dimen118
\@envbody=\toks20
\multlinegap=\skip44
\multlinetaggap=\skip45
\mathdisplay@stack=\toks21
LaTeX Info: Redefining \[ on input line 2817.
LaTeX Info: Redefining \] on input line 2818.
) (/usr/local/texlive/2018/texmf-dist/tex/latex/carlisle/slashed.sty
Package: slashed 1997/01/16 v0.01 Feynman Slashed Character Notation (DPC)
) (/usr/local/texlive/2018/texmf-dist/tex/latex/units/units.sty
Package: units 1998/08/04 v0.9b Typesetting units
 (/usr/local/texlive/2018/texmf-dist/tex/latex/base/ifthen.sty
Package: ifthen 2014/09/29 v1.1c Standard LaTeX ifthen package (DPC)
) (/usr/local/texlive/2018/texmf-dist/tex/latex/units/nicefrac.sty
Package: nicefrac 1998/08/04 v0.9b Nice fractions
\L@UnitsRaiseDisplaystyle=\skip46
\L@UnitsRaiseTextstyle=\skip47
\L@UnitsRaiseScriptstyle=\skip48
)) (/usr/local/texlive/2018/texmf-dist/tex/latex/comment/comment.sty
\CommentStream=\write3
 Excluding comment 'comment') (/usr/local/texlive/2018/texmf-dist/tex/latex/graphics/graphicx.sty
Package: graphicx 2017/06/01 v1.1a Enhanced LaTeX Graphics (DPC,SPQR)
 (/usr/local/texlive/2018/texmf-dist/tex/latex/graphics/graphics.sty
Package: graphics 2017/06/25 v1.2c Standard LaTeX Graphics (DPC,SPQR)
 (/usr/local/texlive/2018/texmf-dist/tex/latex/graphics/trig.sty
Package: trig 2016/01/03 v1.10 sin cos tan (DPC)
) (/usr/local/texlive/2018/texmf-dist/tex/latex/graphics-cfg/graphics.cfg
File: graphics.cfg 2016/06/04 v1.11 sample graphics configuration
)
Package graphics Info: Driver file: pdftex.def on input line 99.
 (/usr/local/texlive/2018/texmf-dist/tex/latex/graphics-def/pdftex.def
File: pdftex.def 2018/01/08 v1.0l Graphics/color driver for pdftex
))
\Gin@req@height=\dimen119
\Gin@req@width=\dimen120
) (/usr/local/texlive/2018/texmf-dist/tex/latex/amsfonts/amssymb.sty
Package: amssymb 2013/01/14 v3.01 AMS font symbols
 (/usr/local/texlive/2018/texmf-dist/tex/latex/amsfonts/amsfonts.sty
Package: amsfonts 2013/01/14 v3.01 Basic AMSFonts support
\symAMSa=\mathgroup4
\symAMSb=\mathgroup5
LaTeX Font Info:    Overwriting math alphabet `\mathfrak' in version `bold'
(Font)                  U/euf/m/n --> U/euf/b/n on input line 106.
)) (/usr/local/texlive/2018/texmf-dist/tex/latex/tools/bm.sty
Package: bm 2017/01/16 v1.2c Bold Symbol Support (DPC/FMi)
\symboldoperators=\mathgroup6
\symboldletters=\mathgroup7
\symboldsymbols=\mathgroup8
LaTeX Font Info:    Redeclaring math alphabet \mathbf on input line 141.
LaTeX Info: Redefining \bm on input line 207.
) (/usr/local/texlive/2018/texmf-dist/tex/latex/enumitem/enumitem.sty
Package: enumitem 2011/09/28 v3.5.2 Customized lists
\labelindent=\skip49
\enit@outerparindent=\dimen121
\enit@toks=\toks22
\enit@inbox=\box28
\enitdp@description=\count102
) (/usr/local/texlive/2018/texmf-dist/tex/latex/float/float.sty
Package: float 2001/11/08 v1.3d Float enhancements (AL)
\c@float@type=\count103
\float@exts=\toks23
\float@box=\box29
\@float@everytoks=\toks24
\@floatcapt=\box30
) (/usr/local/texlive/2018/texmf-dist/tex/latex/soul/soul.sty
Package: soul 2003/11/17 v2.4 letterspacing/underlining (mf)
\SOUL@word=\toks25
\SOUL@lasttoken=\toks26
\SOUL@cmds=\toks27
\SOUL@buffer=\toks28
\SOUL@token=\toks29
\SOUL@spaceskip=\skip50
\SOUL@ttwidth=\dimen122
\SOUL@uldp=\dimen123
\SOUL@ulht=\dimen124
) (/usr/local/texlive/2018/texmf-dist/tex/latex/titlesec/titlesec.sty
Package: titlesec 2016/03/21 v2.10.2 Sectioning titles
\ttl@box=\box31
\beforetitleunit=\skip51
\aftertitleunit=\skip52
\ttl@plus=\dimen125
\ttl@minus=\dimen126
\ttl@toksa=\toks30
\titlewidth=\dimen127
\titlewidthlast=\dimen128
\titlewidthfirst=\dimen129
) (/usr/local/texlive/2018/texmf-dist/tex/latex/fancyhdr/fancyhdr.sty
Package: fancyhdr 2017/06/30 v3.9a Extensive control of page headers and footers
\f@nch@headwidth=\skip53
\f@nch@O@elh=\skip54
\f@nch@O@erh=\skip55
\f@nch@O@olh=\skip56
\f@nch@O@orh=\skip57
\f@nch@O@elf=\skip58
\f@nch@O@erf=\skip59
\f@nch@O@olf=\skip60
\f@nch@O@orf=\skip61
) (/usr/local/texlive/2018/texmf-dist/tex/latex/nowidow/nowidow.sty
Package: nowidow 2011/09/20 1.0 Easily prevent widows and orphans
Package: nowidow 
 (/usr/local/texlive/2018/texmf-dist/tex/latex/oberdiek/kvoptions.sty
Package: kvoptions 2016/05/16 v3.12 Key value format for package options (HO)
 (/usr/local/texlive/2018/texmf-dist/tex/generic/oberdiek/ltxcmds.sty
Package: ltxcmds 2016/05/16 v1.23 LaTeX kernel commands for general use (HO)
) (/usr/local/texlive/2018/texmf-dist/tex/generic/oberdiek/kvsetkeys.sty
Package: kvsetkeys 2016/05/16 v1.17 Key value parser (HO)
 (/usr/local/texlive/2018/texmf-dist/tex/generic/oberdiek/infwarerr.sty
Package: infwarerr 2016/05/16 v1.4 Providing info/warning/error messages (HO)
) (/usr/local/texlive/2018/texmf-dist/tex/generic/oberdiek/etexcmds.sty
Package: etexcmds 2016/05/16 v1.6 Avoid name clashes with e-TeX commands (HO)
 (/usr/local/texlive/2018/texmf-dist/tex/generic/oberdiek/ifluatex.sty
Package: ifluatex 2016/05/16 v1.4 Provides the ifluatex switch (HO)
Package ifluatex Info: LuaTeX not detected.
)
Package etexcmds Info: Could not find \expanded.
(etexcmds)             That can mean that you are not using pdfTeX 1.50 or
(etexcmds)             that some package has redefined \expanded.
(etexcmds)             In the latter case, load this package earlier.
)))) (/usr/local/texlive/2018/texmf-dist/tex/latex/graphics/rotating.sty
Package: rotating 2016/08/11 v2.16d rotated objects in LaTeX
\c@r@tfl@t=\count104
\rotFPtop=\skip62
\rotFPbot=\skip63
\rot@float@box=\box32
\rot@mess@toks=\toks31
) (/usr/local/texlive/2018/texmf-dist/tex/latex/fnbreak/fnbreak.sty
Package: fnbreak 2012/01/01 v1.30 Warning for pagebreak in footnote (HH)
\c@fnb@@numberpages=\count105
) (/usr/local/texlive/2018/texmf-dist/tex/latex/natbib/natbib.sty
Package: natbib 2010/09/13 8.31b (PWD, AO)
\bibhang=\skip64
\bibsep=\skip65
LaTeX Info: Redefining \cite on input line 694.
\c@NAT@ctr=\count106
) (/usr/local/texlive/2018/texmf-dist/tex/latex/wasysym/wasysym.sty
Package: wasysym 2003/10/30 v2.0 Wasy-2 symbol support package
\symwasy=\mathgroup9
LaTeX Font Info:    Overwriting symbol font `wasy' in version `bold'
(Font)                  U/wasy/m/n --> U/wasy/b/n on input line 90.
) (./zbasictemplate/temp/aas_macros.sty) (/usr/local/texlive/2018/texmf-dist/tex/latex/lineno/lineno.sty
Package: lineno 2005/11/02 line numbers on paragraphs v4.41
\linenopenalty=\count107
\output=\toks32
\linenoprevgraf=\count108
\linenumbersep=\dimen130
\linenumberwidth=\dimen131
\c@linenumber=\count109
\c@pagewiselinenumber=\count110
\c@LN@truepage=\count111
\c@internallinenumber=\count112
\c@internallinenumbers=\count113
\quotelinenumbersep=\dimen132
\bframerule=\dimen133
\bframesep=\dimen134
\bframebox=\box33
LaTeX Info: Redefining \\ on input line 3056.
) (/usr/local/texlive/2018/texmf-dist/tex/latex/xcolor/xcolor.sty
Package: xcolor 2016/05/11 v2.12 LaTeX color extensions (UK)
 (/usr/local/texlive/2018/texmf-dist/tex/latex/graphics-cfg/color.cfg
File: color.cfg 2016/01/02 v1.6 sample color configuration
)
Package xcolor Info: Package option `usenames' ignored on input line 216.
Package xcolor Info: Driver file: pdftex.def on input line 225.
 (/usr/local/texlive/2018/texmf-dist/tex/latex/colortbl/colortbl.sty
Package: colortbl 2018/05/02 v1.0c Color table columns (DPC)
 (/usr/local/texlive/2018/texmf-dist/tex/latex/tools/array.sty
Package: array 2018/04/30 v2.4h Tabular extension package (FMi)
\col@sep=\dimen135
\ar@mcellbox=\box34
\extrarowheight=\dimen136
\NC@list=\toks33
\extratabsurround=\skip66
\backup@length=\skip67
\ar@cellbox=\box35
)
\everycr=\toks34
\minrowclearance=\skip68
)
\rownum=\count114
Package xcolor Info: Model `cmy' substituted by `cmy0' on input line 1348.
Package xcolor Info: Model `hsb' substituted by `rgb' on input line 1352.
Package xcolor Info: Model `RGB' extended on input line 1364.
Package xcolor Info: Model `HTML' substituted by `rgb' on input line 1366.
Package xcolor Info: Model `Hsb' substituted by `hsb' on input line 1367.
Package xcolor Info: Model `tHsb' substituted by `hsb' on input line 1368.
Package xcolor Info: Model `HSB' substituted by `hsb' on input line 1369.
Package xcolor Info: Model `Gray' substituted by `gray' on input line 1370.
Package xcolor Info: Model `wave' substituted by `hsb' on input line 1371.
 (/usr/local/texlive/2018/texmf-dist/tex/latex/graphics/dvipsnam.def
File: dvipsnam.def 2016/06/17 v3.0m Driver-dependent file (DPC,SPQR)
)) (/usr/local/texlive/2018/texmf-dist/tex/latex/appendix/appendix.sty
Package: appendix 2009/09/02 v1.2b extra appendix facilities
\c@@pps=\count115
\c@@ppsavesec=\count116
\c@@ppsaveapp=\count117
) (/usr/local/texlive/2018/texmf-dist/tex/latex/ncctools/extdash.sty
Package: extdash 2005/01/29 v1.2 Extended Dash Package (NCC)
) (/usr/local/texlive/2018/texmf-dist/tex/latex/pdfpages/pdfpages.sty
Package: pdfpages 2017/10/31 v0.5l Insert pages of external PDF documents (AM)
 (/usr/local/texlive/2018/texmf-dist/tex/latex/tools/calc.sty
Package: calc 2017/05/25 v4.3 Infix arithmetic (KKT,FJ)
\calc@Acount=\count118
\calc@Bcount=\count119
\calc@Adimen=\dimen137
\calc@Bdimen=\dimen138
\calc@Askip=\skip69
\calc@Bskip=\skip70
LaTeX Info: Redefining \setlength on input line 80.
LaTeX Info: Redefining \addtolength on input line 81.
\calc@Ccount=\count120
\calc@Cskip=\skip71
) (/usr/local/texlive/2018/texmf-dist/tex/latex/eso-pic/eso-pic.sty
Package: eso-pic 2018/04/12 v2.0h eso-pic (RN)
 (/usr/local/texlive/2018/texmf-dist/tex/generic/oberdiek/atbegshi.sty
Package: atbegshi 2016/06/09 v1.18 At begin shipout hook (HO)
 (/usr/local/texlive/2018/texmf-dist/tex/generic/oberdiek/ifpdf.sty
Package: ifpdf 2017/03/15 v3.2 Provides the ifpdf switch
)))
\AM@pagewidth=\dimen139
\AM@pageheight=\dimen140
 (/usr/local/texlive/2018/texmf-dist/tex/latex/pdfpages/pppdftex.def
File: pppdftex.def 2017/10/31 v0.5l Pdfpages driver for pdfTeX (AM)
)
\AM@pagebox=\box36
\AM@global@opts=\toks35
\AM@toc@title=\toks36
\c@AM@survey=\count121
\AM@templatesizebox=\box37
) (/usr/local/texlive/2018/texmf-dist/tex/latex/natbib/bibentry.sty
Package: bibentry 2007/10/30 1.5 (PWD)
) (/usr/local/texlive/2018/texmf-dist/tex/latex/doi/doi.sty
Package: doi 2007/07/24 handle doi numbers
 (/usr/local/texlive/2018/texmf-dist/tex/latex/hyperref/hyperref.sty
Package: hyperref 2018/02/06 v6.86b Hypertext links for LaTeX
 (/usr/local/texlive/2018/texmf-dist/tex/generic/oberdiek/hobsub-hyperref.sty
Package: hobsub-hyperref 2016/05/16 v1.14 Bundle oberdiek, subset hyperref (HO)
 (/usr/local/texlive/2018/texmf-dist/tex/generic/oberdiek/hobsub-generic.sty
Package: hobsub-generic 2016/05/16 v1.14 Bundle oberdiek, subset generic (HO)
Package: hobsub 2016/05/16 v1.14 Construct package bundles (HO)
Package hobsub Info: Skipping package `infwarerr' (already loaded).
Package hobsub Info: Skipping package `ltxcmds' (already loaded).
Package hobsub Info: Skipping package `ifluatex' (already loaded).
Package: ifvtex 2016/05/16 v1.6 Detect VTeX and its facilities (HO)
Package ifvtex Info: VTeX not detected.
Package: intcalc 2016/05/16 v1.2 Expandable calculations with integers (HO)
Package hobsub Info: Skipping package `ifpdf' (already loaded).
Package hobsub Info: Skipping package `etexcmds' (already loaded).
Package hobsub Info: Skipping package `kvsetkeys' (already loaded).
Package: kvdefinekeys 2016/05/16 v1.4 Define keys (HO)
Package: pdftexcmds 2018/01/30 v0.27 Utility functions of pdfTeX for LuaTeX (HO)
Package pdftexcmds Info: LuaTeX not detected.
Package pdftexcmds Info: \pdf@primitive is available.
Package pdftexcmds Info: \pdf@ifprimitive is available.
Package pdftexcmds Info: \pdfdraftmode found.
Package: pdfescape 2016/05/16 v1.14 Implements pdfTeX's escape features (HO)
Package: bigintcalc 2016/05/16 v1.4 Expandable calculations on big integers (HO)
Package: bitset 2016/05/16 v1.2 Handle bit-vector datatype (HO)
Package: uniquecounter 2016/05/16 v1.3 Provide unlimited unique counter (HO)
)
Package hobsub Info: Skipping package `hobsub' (already loaded).
Package: letltxmacro 2016/05/16 v1.5 Let assignment for LaTeX macros (HO)
Package: hopatch 2016/05/16 v1.3 Wrapper for package hooks (HO)
Package: xcolor-patch 2016/05/16 xcolor patch
Package: atveryend 2016/05/16 v1.9 Hooks at the very end of document (HO)
Package atveryend Info: \enddocument detected (standard20110627).
Package hobsub Info: Skipping package `atbegshi' (already loaded).
Package: refcount 2016/05/16 v3.5 Data extraction from label references (HO)
Package: hycolor 2016/05/16 v1.8 Color options for hyperref/bookmark (HO)
) (/usr/local/texlive/2018/texmf-dist/tex/generic/ifxetex/ifxetex.sty
Package: ifxetex 2010/09/12 v0.6 Provides ifxetex conditional
) (/usr/local/texlive/2018/texmf-dist/tex/latex/oberdiek/auxhook.sty
Package: auxhook 2016/05/16 v1.4 Hooks for auxiliary files (HO)
)
\@linkdim=\dimen141
\Hy@linkcounter=\count122
\Hy@pagecounter=\count123
 (/usr/local/texlive/2018/texmf-dist/tex/latex/hyperref/pd1enc.def
File: pd1enc.def 2018/02/06 v6.86b Hyperref: PDFDocEncoding definition (HO)
Now handling font encoding PD1 ...
... no UTF-8 mapping file for font encoding PD1
)
\Hy@SavedSpaceFactor=\count124
 (/usr/local/texlive/2018/texmf-dist/tex/latex/latexconfig/hyperref.cfg
File: hyperref.cfg 2002/06/06 v1.2 hyperref configuration of TeXLive
)
Package hyperref Info: Hyper figures OFF on input line 4509.
Package hyperref Info: Link nesting OFF on input line 4514.
Package hyperref Info: Hyper index ON on input line 4517.
Package hyperref Info: Plain pages OFF on input line 4524.
Package hyperref Info: Backreferencing OFF on input line 4529.
Package hyperref Info: Implicit mode ON; LaTeX internals redefined.
Package hyperref Info: Bookmarks ON on input line 4762.
\c@Hy@tempcnt=\count125
 (/usr/local/texlive/2018/texmf-dist/tex/latex/url/url.sty
\Urlmuskip=\muskip11
Package: url 2013/09/16  ver 3.4  Verb mode for urls, etc.
)
LaTeX Info: Redefining \url on input line 5115.
\XeTeXLinkMargin=\dimen142
\Fld@menulength=\count126
\Field@Width=\dimen143
\Fld@charsize=\dimen144
Package hyperref Info: Hyper figures OFF on input line 6369.
Package hyperref Info: Link nesting OFF on input line 6374.
Package hyperref Info: Hyper index ON on input line 6377.
Package hyperref Info: backreferencing OFF on input line 6384.
Package hyperref Info: Link coloring OFF on input line 6389.
Package hyperref Info: Link coloring with OCG OFF on input line 6394.
Package hyperref Info: PDF/A mode OFF on input line 6399.
LaTeX Info: Redefining \ref on input line 6439.
LaTeX Info: Redefining \pageref on input line 6443.
\Hy@abspage=\count127
\c@Item=\count128
\c@Hfootnote=\count129
)
Package hyperref Info: Driver (autodetected): hpdftex.
 (/usr/local/texlive/2018/texmf-dist/tex/latex/hyperref/hpdftex.def
File: hpdftex.def 2018/02/06 v6.86b Hyperref driver for pdfTeX
\Fld@listcount=\count130
\c@bookmark@seq@number=\count131
 (/usr/local/texlive/2018/texmf-dist/tex/latex/oberdiek/rerunfilecheck.sty
Package: rerunfilecheck 2016/05/16 v1.8 Rerun checks for auxiliary files (HO)
Package uniquecounter Info: New unique counter `rerunfilecheck' on input line 282.
)
\Hy@SectionHShift=\skip72
)) (/usr/local/texlive/2018/texmf-dist/tex/latex/tabto-ltx/tabto.sty
Package: tabto 2013/03/25  v 1.3  Another tabbing mechanism
\CurrentLineWidth=\dimen145
) (/usr/local/texlive/2018/texmf-dist/tex/latex/footmisc/footmisc.sty
Package: footmisc 2011/06/06 v5.5b a miscellany of footnote facilities
\FN@temptoken=\toks37
\footnotemargin=\dimen146
\c@pp@next@reset=\count132


LaTeX Warning: Command \@footnotemark  has changed.
               Check if current package is valid.

Package footmisc Info: Declaring symbol style bringhurst on input line 855.
Package footmisc Info: Declaring symbol style chicago on input line 863.
Package footmisc Info: Declaring symbol style wiley on input line 872.
Package footmisc Info: Declaring symbol style lamport-robust on input line 883.
Package footmisc Info: Declaring symbol style lamport* on input line 903.
Package footmisc Info: Declaring symbol style lamport*-robust on input line 924.
) (/usr/local/texlive/2018/texmf-dist/tex/latex/sectsty/sectsty.sty
Package: sectsty 2002/02/25 v2.0.2 Commands to change all sectional heading styles
) (/usr/local/texlive/2018/texmf-dist/tex/latex/geometry/geometry.sty
Package: geometry 2018/04/16 v5.8 Page Geometry
\Gm@cnth=\count133
\Gm@cntv=\count134
\c@Gm@tempcnt=\count135
\Gm@bindingoffset=\dimen147
\Gm@wd@mp=\dimen148
\Gm@odd@mp=\dimen149
\Gm@even@mp=\dimen150
\Gm@layoutwidth=\dimen151
\Gm@layoutheight=\dimen152
\Gm@layouthoffset=\dimen153
\Gm@layoutvoffset=\dimen154
\Gm@dimlist=\toks38
) (/usr/local/texlive/2018/texmf-dist/tex/latex/tocbibind/tocbibind.sty
Package: tocbibind 2010/10/13 v1.5k extra ToC listings
Package tocbibind Info: The document has chapter divisions on input line 50.


Package tocbibind Note: Using chapter style headings, unless overridden.

) (/Users/pauleaster/Repository/PhDThesis/Thesis.bbl) (/Users/pauleaster/Repository/PhDThesis/Thesis.aux)
\openout1 = `Thesis.aux'.

LaTeX Font Info:    Checking defaults for OML/cmm/m/it on input line 142.
LaTeX Font Info:    ... okay on input line 142.
LaTeX Font Info:    Checking defaults for T1/cmr/m/n on input line 142.
LaTeX Font Info:    ... okay on input line 142.
LaTeX Font Info:    Checking defaults for OT1/cmr/m/n on input line 142.
LaTeX Font Info:    ... okay on input line 142.
LaTeX Font Info:    Checking defaults for OMS/cmsy/m/n on input line 142.
LaTeX Font Info:    ... okay on input line 142.
LaTeX Font Info:    Checking defaults for OMX/cmex/m/n on input line 142.
LaTeX Font Info:    ... okay on input line 142.
LaTeX Font Info:    Checking defaults for U/cmr/m/n on input line 142.
LaTeX Font Info:    ... okay on input line 142.
LaTeX Font Info:    Checking defaults for PD1/pdf/m/n on input line 142.
LaTeX Font Info:    ... okay on input line 142.
Package caption Info: Begin \AtBeginDocument code.
Package caption Info: float package is loaded.
Package caption Info: hyperref package is loaded.
Package caption Info: rotating package is loaded.
Package caption Info: End \AtBeginDocument code.
 (/usr/local/texlive/2018/texmf-dist/tex/context/base/mkii/supp-pdf.mkii
[Loading MPS to PDF converter (version 2006.09.02).]
\scratchcounter=\count136
\scratchdimen=\dimen155
\scratchbox=\box38
\nofMPsegments=\count137
\nofMParguments=\count138
\everyMPshowfont=\toks39
\MPscratchCnt=\count139
\MPscratchDim=\dimen156
\MPnumerator=\count140
\makeMPintoPDFobject=\count141
\everyMPtoPDFconversion=\toks40
) (/usr/local/texlive/2018/texmf-dist/tex/latex/oberdiek/epstopdf-base.sty
Package: epstopdf-base 2016/05/15 v2.6 Base part for package epstopdf
 (/usr/local/texlive/2018/texmf-dist/tex/latex/oberdiek/grfext.sty
Package: grfext 2016/05/16 v1.2 Manage graphics extensions (HO)
)
Package epstopdf-base Info: Redefining graphics rule for `.eps' on input line 438.
Package grfext Info: Graphics extension search list:
(grfext)             [.pdf,.png,.jpg,.mps,.jpeg,.jbig2,.jb2,.PDF,.PNG,.JPG,.JPEG,.JBIG2,.JB2,.eps]
(grfext)             \AppendGraphicsExtensions on input line 456.
 (/usr/local/texlive/2018/texmf-dist/tex/latex/latexconfig/epstopdf-sys.cfg
File: epstopdf-sys.cfg 2010/07/13 v1.3 Configuration of (r)epstopdf for TeX Live
))
\AtBeginShipoutBox=\box39
 (/usr/local/texlive/2018/texmf-dist/tex/latex/oberdiek/pdflscape.sty
Package: pdflscape 2016/05/14 v0.11 Display of landscape pages in PDF (HO)
 (/usr/local/texlive/2018/texmf-dist/tex/latex/graphics/lscape.sty
Package: lscape 2000/10/22 v3.01 Landscape Pages (DPC)
)
Package pdflscape Info: Auto-detected driver: pdftex on input line 81.
)
Package hyperref Info: Link coloring OFF on input line 142.
 (/usr/local/texlive/2018/texmf-dist/tex/latex/hyperref/nameref.sty
Package: nameref 2016/05/21 v2.44 Cross-referencing by name of section
 (/usr/local/texlive/2018/texmf-dist/tex/generic/oberdiek/gettitlestring.sty
Package: gettitlestring 2016/05/16 v1.5 Cleanup title references (HO)
)
\c@section@level=\count142
)
LaTeX Info: Redefining \ref on input line 142.
LaTeX Info: Redefining \pageref on input line 142.
LaTeX Info: Redefining \nameref on input line 142.
 (/Users/pauleaster/Repository/PhDThesis/Thesis.out) (/Users/pauleaster/Repository/PhDThesis/Thesis.out)
\@outlinefile=\write4
\openout4 = `Thesis.out'.


*geometry* driver: auto-detecting
*geometry* detected driver: pdftex
*geometry* verbose mode - [ preamble ] result:
* driver: pdftex
* paper: a4paper
* layout: <same size as paper>
* layoutoffset:(h,v)=(0.0pt,0.0pt)
* modes: 
* h-part:(L,W,R)=(96.73918pt, 404.02951pt, 96.73918pt)
* v-part:(T,H,B)=(56.9055pt, 731.23584pt, 56.9055pt)
* \paperwidth=597.50787pt
* \paperheight=845.04684pt
* \textwidth=404.02951pt
* \textheight=731.23584pt
* \oddsidemargin=24.4692pt
* \evensidemargin=24.4692pt
* \topmargin=-47.23828pt
* \headheight=12.0pt
* \headsep=19.8738pt
* \topskip=12.0pt
* \footskip=30.0pt
* \marginparwidth=47.0pt
* \marginparsep=7.0pt
* \columnsep=10.0pt
* \skip\footins=10.8pt plus 4.0pt minus 2.0pt
* \hoffset=0.0pt
* \voffset=0.0pt
* \mag=1000
* \@twocolumnfalse
* \@twosidefalse
* \@mparswitchfalse
* \@reversemarginfalse
* (1in=72.27pt=25.4mm, 1cm=28.453pt)

<images/PEThesisFrontPage.pdf, id=156, 597.5078pt x 845.04686pt>
File: images/PEThesisFrontPage.pdf Graphic file (type pdf)
<use images/PEThesisFrontPage.pdf>
Package pdftex.def Info: images/PEThesisFrontPage.pdf  used on input line 144.
(pdftex.def)             Requested size: 597.50633pt x 845.0448pt.
File: images/PEThesisFrontPage.pdf Graphic file (type pdf)
<use images/PEThesisFrontPage.pdf>
Package pdftex.def Info: images/PEThesisFrontPage.pdf  used on input line 144.
(pdftex.def)             Requested size: 597.50633pt x 845.0448pt.
<images/PEThesisFrontPage.pdf, id=159, page=1, 597.5078pt x 845.04686pt>
File: images/PEThesisFrontPage.pdf Graphic file (type pdf)
<use images/PEThesisFrontPage.pdf, page 1>
Package pdftex.def Info: images/PEThesisFrontPage.pdf , page1 used on input line 144.
(pdftex.def)             Requested size: 597.50633pt x 845.0448pt.
File: images/PEThesisFrontPage.pdf Graphic file (type pdf)
<use images/PEThesisFrontPage.pdf, page 1>
Package pdftex.def Info: images/PEThesisFrontPage.pdf , page1 used on input line 144.
(pdftex.def)             Requested size: 597.53368pt x 845.08348pt.
File: images/PEThesisFrontPage.pdf Graphic file (type pdf)
<use images/PEThesisFrontPage.pdf, page 1>
Package pdftex.def Info: images/PEThesisFrontPage.pdf , page1 used on input line 144.
(pdftex.def)             Requested size: 597.53368pt x 845.08348pt.
File: images/PEThesisFrontPage.pdf Graphic file (type pdf)
<use images/PEThesisFrontPage.pdf, page 1>
Package pdftex.def Info: images/PEThesisFrontPage.pdf , page1 used on input line 144.
(pdftex.def)             Requested size: 597.53368pt x 845.08348pt.
File: images/PEThesisFrontPage.pdf Graphic file (type pdf)
<use images/PEThesisFrontPage.pdf, page 1>
Package pdftex.def Info: images/PEThesisFrontPage.pdf , page1 used on input line 144.
(pdftex.def)             Requested size: 597.53368pt x 845.08348pt.
[1

 </Users/pauleaster/Repository/PhDThesis/images/PEThesisFrontPage.pdf>] (/Users/pauleaster/Repository/PhDThesis/chapters/copyright.tex
LaTeX Font Info:    Try loading font information for OMS+cmr on input line 8.
 (/usr/local/texlive/2018/texmf-dist/tex/latex/base/omscmr.fd
File: omscmr.fd 2014/09/29 v2.5h Standard LaTeX font definitions
)
LaTeX Font Info:    Font shape `OMS/cmr/m/n' in size <12> not available
(Font)              Font shape `OMS/cmsy/m/n' tried instead on input line 8.
) (/Users/pauleaster/Repository/PhDThesis/chapters/publications.tex [1

{/usr/local/texlive/2018/texmf-var/fonts/map/pdftex/updmap/pdftex.map}]

LaTeX Font Warning: Font shape `OT1/cmr/bx/n' in size <20> not available
(Font)              size <20.74> substituted on input line 5.

) (/Users/pauleaster/Repository/PhDThesis/chapters/declaration.tex [2

]
LaTeX Font Info:    Try loading font information for U+msa on input line 19.
 (/usr/local/texlive/2018/texmf-dist/tex/latex/amsfonts/umsa.fd
File: umsa.fd 2013/01/14 v3.01 AMS symbols A
)
LaTeX Font Info:    Try loading font information for U+msb on input line 19.
 (/usr/local/texlive/2018/texmf-dist/tex/latex/amsfonts/umsb.fd
File: umsb.fd 2013/01/14 v3.01 AMS symbols B
)
LaTeX Font Info:    Try loading font information for U+wasy on input line 19.
 (/usr/local/texlive/2018/texmf-dist/tex/latex/wasysym/uwasy.fd
File: uwasy.fd 2003/10/30 v2.0 Wasy-2 symbol font definitions
) [3

]
Underfull \hbox (badness 10000) in paragraph at lines 36--36
[]|\OT1/cmr/m/n/12 Thesis
 []


Underfull \hbox (badness 10000) in paragraph at lines 37--37
[]|\OT1/cmr/m/n/12 Monash
 []


Underfull \hbox (badness 10000) in paragraph at lines 37--37
\OT1/cmr/m/n/12 stu-dent
 []


Underfull \hbox (badness 10000) in paragraph at lines 41--42
[]|\OT1/cmr/m/n/12 Published
 []


Underfull \hbox (badness 1616) in paragraph at lines 42--43
\OT1/cmr/m/n/12 de-vel-op-ment, anal-y-sis,
 []


Underfull \hbox (badness 10000) in paragraph at lines 48--49
[]|\OT1/cmr/m/n/12 Published
 []


Underfull \hbox (badness 1616) in paragraph at lines 49--50
\OT1/cmr/m/n/12 de-vel-op-ment, anal-y-sis,
 []


Underfull \hbox (badness 10000) in paragraph at lines 54--55
\OT1/cmr/m/n/12 Hernandez
 []


Underfull \hbox (badness 2573) in paragraph at lines 57--58
\OT1/cmr/m/n/12 time of a post-merger rem-
 []


Underfull \hbox (badness 10000) in paragraph at lines 58--59
[]|\OT1/cmr/m/n/12 Submitted
 []


Underfull \hbox (badness 10000) in paragraph at lines 59--60
\OT1/cmr/m/n/12 code de-vel-op-ment,
 []

) (/Users/pauleaster/Repository/PhDThesis/chapters/acknowledgements.tex
Overfull \vbox (4.08377pt too high) has occurred while \output is active []

 [4]) [5

] (/Users/pauleaster/Repository/PhDThesis/Thesis.toc [6

])
\tf@toc=\write5
\openout5 = `Thesis.toc'.

 [7] (/Users/pauleaster/Repository/PhDThesis/chapters/introduction.texpdfTeX warning (ext4): destination with the same identifier (name{page.1}) has been already used, duplicate ignored
<to be read again> 
                   \relax 
l.60 \clearpage
               % Manually insert \clearpage [1


]
Chapter 1.

LaTeX Font Warning: Font shape `OT1/cmr/m/n' in size <20> not available
(Font)              size <20.74> substituted on input line 66.

[2

] [3]
<images/Thesis_ASDs.pdf, id=348, 492.11401pt x 291.5502pt>
File: images/Thesis_ASDs.pdf Graphic file (type pdf)
<use images/Thesis_ASDs.pdf>
Package pdftex.def Info: images/Thesis_ASDs.pdf  used on input line 162.
(pdftex.def)             Requested size: 383.8268pt x 227.40378pt.
 [4 </Users/pauleaster/Repository/PhDThesis/images/Thesis_ASDs.pdf>]
<images/NSMassRadiusDiagramHu2020Cropped.png, id=428, 981.16562pt x 629.35126pt>
File: images/NSMassRadiusDiagramHu2020Cropped.png Graphic file (type png)
<use images/NSMassRadiusDiagramHu2020Cropped.png>
Package pdftex.def Info: images/NSMassRadiusDiagramHu2020Cropped.png  used on input line 204.
(pdftex.def)             Requested size: 392.45929pt x 251.73604pt.
 [5 </Users/pauleaster/Repository/PhDThesis/images/NSMassRadiusDiagramHu2020Cropped.png>] [6] [7]
Underfull \hbox (badness 1533) in paragraph at lines 355--359
\OT1/cmr/m/n/12 Deser-Misner (ADM) [[]][], Baumgarte-Shapiro-Shibata-Nakamura-Oohara-
 []


Underfull \hbox (badness 6741) in paragraph at lines 374--377
[]\OT1/cmr/m/n/12 General-relativisitic hy-dro-dy-namic meth-ods in-clude codes such as
 []

[8] [9] [10]
<images/Thesis_inspiral_SLy_NRonly_plus_time.pdf, id=676, 467.3986pt x 292.81447pt>
File: images/Thesis_inspiral_SLy_NRonly_plus_time.pdf Graphic file (type pdf)
<use images/Thesis_inspiral_SLy_NRonly_plus_time.pdf>
Package pdftex.def Info: images/Thesis_inspiral_SLy_NRonly_plus_time.pdf  used on input line 519.
(pdftex.def)             Requested size: 197.97667pt x 124.02673pt.
<images/Thesis_SLy_NRonly_plus_time.pdf, id=677, 467.3986pt x 292.81447pt>
File: images/Thesis_SLy_NRonly_plus_time.pdf Graphic file (type pdf)
<use images/Thesis_SLy_NRonly_plus_time.pdf>
Package pdftex.def Info: images/Thesis_SLy_NRonly_plus_time.pdf  used on input line 524.
(pdftex.def)             Requested size: 197.97667pt x 124.02673pt.
<images/Thesis_SLy_NRonly_plus_freq.pdf, id=682, 475.93939pt x 292.81447pt>
File: images/Thesis_SLy_NRonly_plus_freq.pdf Graphic file (type pdf)
<use images/Thesis_SLy_NRonly_plus_freq.pdf>
Package pdftex.def Info: images/Thesis_SLy_NRonly_plus_freq.pdf  used on input line 531.
(pdftex.def)             Requested size: 303.02213pt x 186.42659pt.
 [11 </Users/pauleaster/Repository/PhDThesis/images/Thesis_inspiral_SLy_NRonly_plus_time.pdf> </Users/pauleaster/Repository/PhDThesis/images/Thesis_SLy_NRonly_plus_time.pdf

pdfTeX warning: pdflatex (file /Users/pauleaster/Repository/PhDThesis/images/Thesis_SLy_NRonly_plus_time.pdf): PDF inclusion: multiple pdfs with page group included in a single page
>] [12 </Users/pauleaster/Repository/PhDThesis/images/Thesis_SLy_NRonly_plus_freq.pdf>] [13] [14]) (/Users/pauleaster/Repository/PhDThesis/papers/paper1.tex [15]
Chapter 2.
[16

]
<images/NewAllMatches35withCoRe.pdf, id=876, 1804.7267pt x 2460.56693pt>
File: images/NewAllMatches35withCoRe.pdf Graphic file (type pdf)
<use images/NewAllMatches35withCoRe.pdf>
Package pdftex.def Info: images/NewAllMatches35withCoRe.pdf  used on input line 85.
(pdftex.def)             Requested size: 379.78871pt x 517.78558pt.
 [17] [18 </Users/pauleaster/Repository/PhDThesis/images/NewAllMatches35withCoRe.pdf>]
<images/newFittingFactorHistogram35.pdf, id=1012, 1006.54051pt x 593.12154pt>
File: images/newFittingFactorHistogram35.pdf Graphic file (type pdf)
<use images/newFittingFactorHistogram35.pdf>
Package pdftex.def Info: images/newFittingFactorHistogram35.pdf  used on input line 118.
(pdftex.def)             Requested size: 399.99142pt x 235.69681pt.
<images/NewGeneratedWaveforms35.pdf, id=1013, 1812.14136pt x 422.83226pt>
File: images/NewGeneratedWaveforms35.pdf Graphic file (type pdf)
<use images/NewGeneratedWaveforms35.pdf>
Package pdftex.def Info: images/NewGeneratedWaveforms35.pdf  used on input line 123.
(pdftex.def)             Requested size: 404.02951pt x 94.26859pt.
 [19] [20 </Users/pauleaster/Repository/PhDThesis/images/NewGeneratedWaveforms35.pdf> </Users/pauleaster/Repository/PhDThesis/images/newFittingFactorHistogram35.pdf

pdfTeX warning: pdflatex (file /Users/pauleaster/Repository/PhDThesis/images/newFittingFactorHistogram35.pdf): PDF inclusion: multiple pdfs with page group included in a single page
>] [21]
<images/NewGeneratedFittingFactor90plus35Kappa100.pdf, id=1171, 680.97246pt x 519.56487pt>
File: images/NewGeneratedFittingFactor90plus35Kappa100.pdf Graphic file (type pdf)
<use images/NewGeneratedFittingFactor90plus35Kappa100.pdf>
Package pdftex.def Info: images/NewGeneratedFittingFactor90plus35Kappa100.pdf  used on input line 152.
(pdftex.def)             Requested size: 227.62204pt x 173.66881pt.
 [22 </Users/pauleaster/Repository/PhDThesis/images/NewGeneratedFittingFactor90plus35Kappa100.pdf>] [23]) (/Users/pauleaster/Repository/PhDThesis/papers/paper2.tex [24]
Chapter 3.

Underfull \hbox (badness 1005) in paragraph at lines 121--127
\OT1/cmr/m/n/12 show con-sis-tent fea-tures re-lated to the dy-nam-ics of the sur-viv-ing rem-
 []

[25

]
<images/time_freq_0ms_time_freq.png, id=1293, 928.6695pt x 532.02765pt>
File: images/time_freq_0ms_time_freq.png Graphic file (type png)
<use images/time_freq_0ms_time_freq.png>
Package pdftex.def Info: images/time_freq_0ms_time_freq.png  used on input line 130.
(pdftex.def)             Requested size: 352.89807pt x 202.1726pt.

Underfull \hbox (badness 1107) in paragraph at lines 135--139
\OT1/cmr/m/n/12 pipeline. Nor-mally these pipelines re-quire a large bank of wave-forms.
 []


Underfull \hbox (badness 10000) in paragraph at lines 141--149
[]\OT1/cmr/m/n/12 We match nine equal-mass numerical-relativity wave-forms with
 []

[26 </Users/pauleaster/Repository/PhDThesis/images/time_freq_0ms_time_freq.png>] [27] [28]
<images/NRviolinFittingFactorsV2_0msFF.pdf, id=1374, 461.04427pt x 425.09465pt>
File: images/NRviolinFittingFactorsV2_0msFF.pdf Graphic file (type pdf)
<use images/NRviolinFittingFactorsV2_0msFF.pdf>
Package pdftex.def Info: images/NRviolinFittingFactorsV2_0msFF.pdf  used on input line 241.
(pdftex.def)             Requested size: 230.52156pt x 212.5468pt.

Underfull \hbox (badness 1292) in paragraph at lines 247--247
[]\OT1/cmr/m/n/10.95 Figure 3.2: |Fitting-factor dis-tri-bu-tions, $\OMS/cmsy/m/n/10.95 F\OT1/cmr/m/n/10.95 (\OML/cmm/m/it/10.95 d\OT1/cmr/m/n/10.95 (\OML/cmm/m/it/10.95 t\OT1/cmr/m/n/10.95 )\OML/cmm/m/it/10.95 ; h\OT1/cmr/m/n/10.95 (\OML/cmm/b/it/10.95 ^^R\OML/cmm/m/it/10.95 ; t\OT1/cmr/m/n/10.95 ))$, for each post-merger
 []


Underfull \hbox (badness 1460) in paragraph at lines 247--247
\OT1/cmr/m/n/10.95 numerical-relativity wave-form. The signal-to-noise ra-tio for the post-merger
 []

[29]
<images/NRviolinBayesFactorsV2_0ms.pdf, id=1387, 457.79071pt x 297.5727pt>
File: images/NRviolinBayesFactorsV2_0ms.pdf Graphic file (type pdf)
<use images/NRviolinBayesFactorsV2_0ms.pdf>
Package pdftex.def Info: images/NRviolinBayesFactorsV2_0ms.pdf  used on input line 273.
(pdftex.def)             Requested size: 228.89479pt x 148.78598pt.
 [30 </Users/pauleaster/Repository/PhDThesis/images/NRviolinFittingFactorsV2_0msFF.pdf>]
<images/OF_MF_SNR_FF5ms.pdf, id=1406, 504.69618pt x 299.75891pt>
File: images/OF_MF_SNR_FF5ms.pdf Graphic file (type pdf)
<use images/OF_MF_SNR_FF5ms.pdf>
Package pdftex.def Info: images/OF_MF_SNR_FF5ms.pdf  used on input line 295.
(pdftex.def)             Requested size: 252.34747pt x 149.87909pt.
 [31 </Users/pauleaster/Repository/PhDThesis/images/NRviolinBayesFactorsV2_0ms.pdf>]
<images/TCOALESCENCE.pdf, id=1423, 504.24928pt x 296.32759pt>
File: images/TCOALESCENCE.pdf Graphic file (type pdf)
<use images/TCOALESCENCE.pdf>
Package pdftex.def Info: images/TCOALESCENCE.pdf  used on input line 317.
(pdftex.def)             Requested size: 252.12402pt x 148.16342pt.
 [32 </Users/pauleaster/Repository/PhDThesis/images/OF_MF_SNR_FF5ms.pdf>]
<images/BWPrimaryFrequency2sigma.pdf, id=1445, 467.70201pt x 297.5727pt>
File: images/BWPrimaryFrequency2sigma.pdf Graphic file (type pdf)
<use images/BWPrimaryFrequency2sigma.pdf>
Package pdftex.def Info: images/BWPrimaryFrequency2sigma.pdf  used on input line 341.
(pdftex.def)             Requested size: 233.85043pt x 148.78598pt.
 [33 </Users/pauleaster/Repository/PhDThesis/images/TCOALESCENCE.pdf>] [34 </Users/pauleaster/Repository/PhDThesis/images/BWPrimaryFrequency2sigma.pdf>]
<images/KappaPosterior.pdf, id=1517, 490.65749pt x 297.5727pt>
File: images/KappaPosterior.pdf Graphic file (type pdf)
<use images/KappaPosterior.pdf>
Package pdftex.def Info: images/KappaPosterior.pdf  used on input line 377.
(pdftex.def)             Requested size: 245.32814pt x 148.78598pt.
 [35 </Users/pauleaster/Repository/PhDThesis/images/KappaPosterior.pdf>]
<images/CompactnessPosterior.pdf, id=1548, 461.04427pt x 294.14139pt>
File: images/CompactnessPosterior.pdf Graphic file (type pdf)
<use images/CompactnessPosterior.pdf>
Package pdftex.def Info: images/CompactnessPosterior.pdf  used on input line 399.
(pdftex.def)             Requested size: 230.52156pt x 147.07033pt.
 [36 </Users/pauleaster/Repository/PhDThesis/images/CompactnessPosterior.pdf>] [37] [38] [39]
Underfull \hbox (badness 1515) in paragraph at lines 574--580
\OT1/cmr/m/n/12 Selected pos-te-ri-ors for all numerical-relativity sim-u-la-tions are shown in
 []

<images/THC_0036_R03_0ms_corner.pdf, id=1652, 701.01903pt x 701.01903pt>
File: images/THC_0036_R03_0ms_corner.pdf Graphic file (type pdf)
<use images/THC_0036_R03_0ms_corner.pdf>
Package pdftex.def Info: images/THC_0036_R03_0ms_corner.pdf  used on input line 583.
(pdftex.def)             Requested size: 210.30733pt x 210.30733pt.
[40]
<images/THC_0019_R05_0ms_corner.pdf, id=1659, 701.01903pt x 701.01903pt>
File: images/THC_0019_R05_0ms_corner.pdf Graphic file (type pdf)
<use images/THC_0019_R05_0ms_corner.pdf>
Package pdftex.def Info: images/THC_0019_R05_0ms_corner.pdf  used on input line 591.
(pdftex.def)             Requested size: 210.30733pt x 210.30733pt.
<images/BAM_0088_R01_0ms_corner.pdf, id=1662, 701.01903pt x 701.01903pt>
File: images/BAM_0088_R01_0ms_corner.pdf Graphic file (type pdf)
<use images/BAM_0088_R01_0ms_corner.pdf>
Package pdftex.def Info: images/BAM_0088_R01_0ms_corner.pdf  used on input line 598.
(pdftex.def)             Requested size: 210.30733pt x 210.30733pt.
<images/THC_0002_R01_0ms_corner.pdf, id=1665, 701.01903pt x 701.01903pt>
File: images/THC_0002_R01_0ms_corner.pdf Graphic file (type pdf)
<use images/THC_0002_R01_0ms_corner.pdf>
Package pdftex.def Info: images/THC_0002_R01_0ms_corner.pdf  used on input line 605.
(pdftex.def)             Requested size: 210.30733pt x 210.30733pt.
 [41 </Users/pauleaster/Repository/PhDThesis/images/THC_0036_R03_0ms_corner.pdf> </Users/pauleaster/Repository/PhDThesis/images/THC_0019_R05_0ms_corner.pdf

pdfTeX warning: pdflatex (file /Users/pauleaster/Repository/PhDThesis/images/THC_0019_R05_0ms_corner.pdf): PDF inclusion: multiple pdfs with page group included in a single page
>]
<images/THC_0011_R01_0ms_corner.pdf, id=1764, 701.01903pt x 701.01903pt>
File: images/THC_0011_R01_0ms_corner.pdf Graphic file (type pdf)
<use images/THC_0011_R01_0ms_corner.pdf>
Package pdftex.def Info: images/THC_0011_R01_0ms_corner.pdf  used on input line 612.
(pdftex.def)             Requested size: 210.30733pt x 210.30733pt.
<images/BAM_0070_R01_0ms_corner.pdf, id=1767, 701.01903pt x 701.01903pt>
File: images/BAM_0070_R01_0ms_corner.pdf Graphic file (type pdf)
<use images/BAM_0070_R01_0ms_corner.pdf>
Package pdftex.def Info: images/BAM_0070_R01_0ms_corner.pdf  used on input line 619.
(pdftex.def)             Requested size: 210.30733pt x 210.30733pt.
<images/BAM_0065_R03_0ms_corner.pdf, id=1770, 701.01903pt x 701.01903pt>
File: images/BAM_0065_R03_0ms_corner.pdf Graphic file (type pdf)
<use images/BAM_0065_R03_0ms_corner.pdf>
Package pdftex.def Info: images/BAM_0065_R03_0ms_corner.pdf  used on input line 626.
(pdftex.def)             Requested size: 210.30733pt x 210.30733pt.
 [42 </Users/pauleaster/Repository/PhDThesis/images/BAM_0088_R01_0ms_corner.pdf> </Users/pauleaster/Repository/PhDThesis/images/THC_0002_R01_0ms_corner.pdf

pdfTeX warning: pdflatex (file /Users/pauleaster/Repository/PhDThesis/images/THC_0002_R01_0ms_corner.pdf): PDF inclusion: multiple pdfs with page group included in a single page
> </Users/pauleaster/Repository/PhDThesis/images/THC_0011_R01_0ms_corner.pdf

pdfTeX warning: pdflatex (file /Users/pauleaster/Repository/PhDThesis/images/THC_0011_R01_0ms_corner.pdf): PDF inclusion: multiple pdfs with page group included in a single page
>]
<images/THC_0010_R01_0ms_corner.pdf, id=1911, 701.01903pt x 701.01903pt>
File: images/THC_0010_R01_0ms_corner.pdf Graphic file (type pdf)
<use images/THC_0010_R01_0ms_corner.pdf>
Package pdftex.def Info: images/THC_0010_R01_0ms_corner.pdf  used on input line 633.
(pdftex.def)             Requested size: 210.30733pt x 210.30733pt.
<images/BAM_0002_R02_0ms_corner.pdf, id=1914, 701.01903pt x 701.01903pt>
File: images/BAM_0002_R02_0ms_corner.pdf Graphic file (type pdf)
<use images/BAM_0002_R02_0ms_corner.pdf>
Package pdftex.def Info: images/BAM_0002_R02_0ms_corner.pdf  used on input line 640.
(pdftex.def)             Requested size: 210.30733pt x 210.30733pt.
 [43 </Users/pauleaster/Repository/PhDThesis/images/BAM_0070_R01_0ms_corner.pdf> </Users/pauleaster/Repository/PhDThesis/images/BAM_0065_R03_0ms_corner.pdf

pdfTeX warning: pdflatex (file /Users/pauleaster/Repository/PhDThesis/images/BAM_0065_R03_0ms_corner.pdf): PDF inclusion: multiple pdfs with page group included in a single page
> </Users/pauleaster/Repository/PhDThesis/images/THC_0010_R01_0ms_corner.pdf

pdfTeX warning: pdflatex (file /Users/pauleaster/Repository/PhDThesis/images/THC_0010_R01_0ms_corner.pdf): PDF inclusion: multiple pdfs with page group included in a single page
>]) (/Users/pauleaster/Repository/PhDThesis/papers/paper3.tex [44 </Users/pauleaster/Repository/PhDThesis/images/BAM_0002_R02_0ms_corner.pdf>]
Chapter 4.
[45

]
<images/dec_tc10_dist_timeplot_panels.pdf, id=2131, 1445.4pt x 867.24pt>
File: images/dec_tc10_dist_timeplot_panels.pdf Graphic file (type pdf)
<use images/dec_tc10_dist_timeplot_panels.pdf>
Package pdftex.def Info: images/dec_tc10_dist_timeplot_panels.pdf  used on input line 157.
(pdftex.def)             Requested size: 404.70924pt x 242.82555pt.

Overfull \hbox (0.67973pt too wide) in paragraph at lines 157--159
 [][] 
 []

[46 </Users/pauleaster/Repository/PhDThesis/images/dec_tc10_dist_timeplot_panels.pdf>] [47] [48]
<images/MaximumDistancePanelLabelledGW170817.pdf, id=2257, 1734.48pt x 1084.05pt>
File: images/MaximumDistancePanelLabelledGW170817.pdf Graphic file (type pdf)
<use images/MaximumDistancePanelLabelledGW170817.pdf>
Package pdftex.def Info: images/MaximumDistancePanelLabelledGW170817.pdf  used on input line 253.
(pdftex.def)             Requested size: 416.2837pt x 260.1773pt.

Overfull \hbox (12.2542pt too wide) in paragraph at lines 253--254
 [][] 
 []

[49 </Users/pauleaster/Repository/PhDThesis/images/MaximumDistancePanelLabelledGW170817.pdf>] [50] [51]
Underfull \hbox (badness 10000) in paragraph at lines 326--334
[]\OT1/cmr/m/n/12 With an es-ti-mated bi-nary neu-tron star merger rate of
 []

[52] [53]
<images/NRTCAnalyticRuns_index5.0_2xAplus_snr34.31_distance3.37_THC:0036:R03_tc10.0_ra2.37_dec1.49_seed9_znFalse_mod_corner.pdf, id=2380, 1037.01123pt x 1053.61635pt>
File: images/NRTCAnalyticRuns_index5.0_2xAplus_snr34.31_distance3.37_THC:0036:R03_tc10.0_ra2.37_dec1.49_seed9_znFalse_mod_corner.pdf Graphic file (type pdf)
<use images/NRTCAnalyticRuns_index5.0_2xAplus_snr34.31_distance3.37_THC:0036:R03_tc10.0_ra2.37_dec1.49_seed9_znFalse_mod_corner.pdf>
Package pdftex.def Info: images/NRTCAnalyticRuns_index5.0_2xAplus_snr34.31_distance3.37_THC:0036:R03_tc10.0_ra2.37_dec1.49_seed9_znFalse_mod_corner.pdf  used on input line 405.
(pdftex.def)             Requested size: 414.79715pt x 421.43907pt.

Overfull \hbox (10.76764pt too wide) in paragraph at lines 405--407
 [][] 
 []

) (/Users/pauleaster/Repository/PhDThesis/chapters/conclusion.tex [54 </Users/pauleaster/Repository/PhDThesis/images/NRTCAnalyticRuns_index5.0_2xAplus_snr34.31_distance3.37_THC:0036:R03_tc10.0_ra2.37_dec1.49_seed9_znFalse_mod_corner.pdf>]
Chapter 5.
[55

]
Underfull \hbox (badness 1292) in paragraph at lines 48--50
[]\OT1/cmr/m/n/12 These three mod-els ad-dress the re-quire-ments for fu-ture post-merger
 []


Underfull \hbox (badness 4454) in paragraph at lines 65--68
[]\OT1/cmr/m/n/12 The life-times of post-merger rem-nants are highly un-cer-tain with
 []

[56]
Underfull \hbox (badness 1603) in paragraph at lines 94--97
\OT1/cmr/m/n/12 pa-ram-e-ter es-ti-ma-tion which will find pos-te-ri-ors di-rectly re-lated to the
 []

[57]) (/Users/pauleaster/Repository/PhDThesis/Thesis.bbl [58]pdfTeX warning (ext4): destination with the same identifier (name{cite.Ashton2019}) has been already used, duplicate ignored
<to be read again> 
                   \relax 
l.3 \bibitem{Ashton2019}
                        pdfTeX warning (ext4): destination with the same identifier (name{cite.Easter2019}) has been already used, duplicate ignored
<to be read again> 
                   \relax 
l.10 \bibitem{Easter2019}
                         pdfTeX warning (ext4): destination with the same identifier (name{cite.Easter2020}) has been already used, duplicate ignored
<to be read again> 
                   \relax 
l.15 \bibitem{Easter2020}
                         pdfTeX warning (ext4): destination with the same identifier (name{cite.Cuoco2020}) has been already used, duplicate ignored
<to be read again> 
                   \relax 
l.21 \bibitem{Cuoco2020}
                        pdfTeX warning (ext4): destination with the same identifier (name{cite.Easter2021}) has been already used, duplicate ignored
<to be read again> 
                   \relax 
l.27 \bibitem{Easter2021}
                          [59

]
Underfull \hbox (badness 1067) in paragraph at lines 112--115
[]\OT1/cmr/m/n/10 A. Na-gar and L. Rez-zolla, ``Gauge-invariant non-spherical met-ric per-tur-ba-tions
 []

[60]
Underfull \hbox (badness 3525) in paragraph at lines 190--193
[]\OT1/cmr/m/n/10 LIGO Sci-en-tific Col-lab-o-ra-tion, ``Ex-plor-ing the sen-si-tiv-ity of next gen-er-a-tion
 []

[61] [62] [63] [64]
Underfull \hbox (badness 1540) in paragraph at lines 541--545
[]\OT1/cmr/m/n/10 T. Di-et-rich, D. Radice, S. Bernuzzi, F. Zappa, A. Perego, B. Brueug-mann,
 []

[65] [66] [67] [68]
Underfull \hbox (badness 1895) in paragraph at lines 949--951
[]\OT1/cmr/m/n/10 T. Naka-mura, ``Rel-a-tivis-tic cos-mol-ogy. Pro-ceed-ings.,'' in \OT1/cmr/m/it/10 Rel-a-tivis-tic cos-mol-ogy
 []

[69]
Underfull \hbox (badness 2189) in paragraph at lines 995--1000
\OT1/cmr/m/n/10 wave tran-sients with Ad-vanced LIGO, Ad-vanced Virgo and KA-GRA,'' 2016.
 []

[70]
Underfull \hbox (badness 1264) in paragraph at lines 1089--1093
[]\OT1/cmr/m/n/10 LIGO Sci-en-tific Col-lab-o-ra-tion, ``Un-of-fi-cial sen-si-tiv-ity curves (ASD) for aLIGO,
 []


Underfull \hbox (badness 6063) in paragraph at lines 1089--1093
\OT1/cmr/m/n/10 Ka-gra, Virgo, Voy-ager, Cos-mic Ex-plorer, and Ein-stein Tele-scope,'' 2020.
 []

[71])
Package atveryend Info: Empty hook `BeforeClearDocument' on input line 196.
 [72]
Package atveryend Info: Empty hook `AfterLastShipout' on input line 196.
 (/Users/pauleaster/Repository/PhDThesis/Thesis.aux)
Package atveryend Info: Executing hook `AtVeryEndDocument' on input line 196.
Package atveryend Info: Executing hook `AtEndAfterFileList' on input line 196.
Package rerunfilecheck Info: File `Thesis.out' has not changed.
(rerunfilecheck)             Checksum: 7B85EBBB076033CE2A1D8E06E27BF848;2495.


LaTeX Font Warning: Size substitutions with differences
(Font)              up to 0.74pt have occurred.

Package atveryend Info: Empty hook `AtVeryVeryEnd' on input line 196.
 ) 
Here is how much of TeX's memory you used:
 12844 strings out of 492649
 197546 string characters out of 6129622
 351286 words of memory out of 5000000
 16003 multiletter control sequences out of 15000+600000
 23671 words of font info for 88 fonts, out of 8000000 for 9000
 1141 hyphenation exceptions out of 8191
 41i,19n,45p,1729b,1271s stack positions out of 5000i,500n,10000p,200000b,80000s
</usr/local/texlive/2018/texmf-dist/fonts/type1/public/amsfonts/cm/cmbx12.pfb></usr/local/texlive/2018/texmf-dist/fonts/type1/public/amsfonts/cm/cmcsc10.pfb></usr/local/texlive/2018/texmf-dist/fonts/type1/public/amsfonts/cm/cmex10.pfb></usr/local/texlive/2018/texmf-dist/fonts/type1/public/amsfonts/cm/cmmi10.pfb></usr/local/texlive/2018/texmf-dist/fonts/type1/public/amsfonts/cm/cmmi12.pfb></usr/local/texlive/2018/texmf-dist/fonts/type1/public/amsfonts/cm/cmmi6.pfb></usr/local/texlive/2018/texmf-dist/fonts/type1/public/amsfonts/cm/cmmi7.pfb></usr/local/texlive/2018/texmf-dist/fonts/type1/public/amsfonts/cm/cmmi8.pfb></usr/local/texlive/2018/texmf-dist/fonts/type1/public/amsfonts/cm/cmmib10.pfb></usr/local/texlive/2018/texmf-dist/fonts/type1/public/amsfonts/cmextra/cmmib8.pfb></usr/local/texlive/2018/texmf-dist/fonts/type1/public/amsfonts/cm/cmr10.pfb></usr/local/texlive/2018/texmf-dist/fonts/type1/public/amsfonts/cm/cmr12.pfb></usr/local/texlive/2018/texmf-dist/fonts/type1/public/amsfonts/cm/cmr17.pfb></usr/local/texlive/2018/texmf-dist/fonts/type1/public/amsfonts/cm/cmr6.pfb></usr/local/texlive/2018/texmf-dist/fonts/type1/public/amsfonts/cm/cmr7.pfb></usr/local/texlive/2018/texmf-dist/fonts/type1/public/amsfonts/cm/cmr8.pfb></usr/local/texlive/2018/texmf-dist/fonts/type1/public/amsfonts/cm/cmsy10.pfb></usr/local/texlive/2018/texmf-dist/fonts/type1/public/amsfonts/cm/cmsy7.pfb></usr/local/texlive/2018/texmf-dist/fonts/type1/public/amsfonts/cm/cmsy8.pfb></usr/local/texlive/2018/texmf-dist/fonts/type1/public/amsfonts/cm/cmti10.pfb></usr/local/texlive/2018/texmf-dist/fonts/type1/public/amsfonts/cm/cmti12.pfb></usr/local/texlive/2018/texmf-dist/fonts/type1/public/amsfonts/cm/cmtt12.pfb></usr/local/texlive/2018/texmf-dist/fonts/type1/public/amsfonts/symbols/msam10.pfb>
Output written on /Users/pauleaster/Repository/PhDThesis/Thesis.pdf (80 pages, 10929688 bytes).
PDF statistics:
 3230 PDF objects out of 3580 (max. 8388607)
 2329 compressed objects within 24 object streams
 409 named destinations out of 1000 (max. 500000)
 470 words of extra memory for PDF output out of 10000 (max. 10000000)

